<?xml version="1.0" encoding="UTF-8"?>
<!-- Generated by org.testng.reporters.JUnitReportReporter -->
<testsuite skipped="0" hostname="Dhanu-PC" name="testngstuff.ReporterLogStuff" tests="2" failures="0" timestamp="21 Mar 2018 15:40:01 GMT" time="0.062" errors="0">
  <testcase name="test2" time="0.031" classname="testngstuff.ReporterLogStuff"/>
  <testcase name="test1" time="0.031" classname="testngstuff.ReporterLogStuff"/>
</testsuite> <!-- testngstuff.ReporterLogStuff -->
