<?xml version="1.0" encoding="UTF-8"?>
<!-- Generated by org.testng.reporters.JUnitReportReporter -->
<testsuite skipped="0" hostname="Dhanu-PC" name="testngstuff.NewTest" tests="3" failures="0" timestamp="08 Mar 2018 03:22:53 GMT" time="0.047" errors="0">
  <testcase name="testcase3" time="0.028" classname="testngstuff.NewTest"/>
  <testcase name="testcase2" time="0.010" classname="testngstuff.NewTest"/>
  <testcase name="testcase1" time="0.009" classname="testngstuff.NewTest"/>
</testsuite> <!-- testngstuff.NewTest -->
