<?xml version="1.0" encoding="UTF-8"?>
<!-- Generated by org.testng.reporters.JUnitReportReporter -->
<testsuite skipped="1" hostname="Dhanu-PC" name="testngstuff.IgnoreTest" tests="2" failures="0" timestamp="10 Mar 2018 02:42:30 GMT" time="0.047" errors="0">
  <testcase name="f1" time="0.047" classname="testngstuff.IgnoreTest"/>
  <testcase name="f" classname="testngstuff.IgnoreTest">
    <skipped/>
  </testcase> <!-- f -->
</testsuite> <!-- testngstuff.IgnoreTest -->
