<?xml version="1.0" encoding="UTF-8"?>
<!-- Generated by org.testng.reporters.JUnitReportReporter -->
<testsuite skipped="0" hostname="Dhanu-PC" name="testngstuff.SampleTest" tests="2" failures="0" timestamp="10 Mar 2018 03:28:32 GMT" time="6.748" errors="0">
  <testcase name="test1" time="4.413" classname="testngstuff.SampleTest"/>
  <testcase name="test2" time="2.335" classname="testngstuff.SampleTest"/>
</testsuite> <!-- testngstuff.SampleTest -->
