<?xml version="1.0" encoding="UTF-8"?>
<!-- Generated by org.testng.reporters.JUnitReportReporter -->
<testsuite skipped="0" hostname="Dhanu-PC" name="testngstuff.SeleniumTest1" tests="2" failures="0" timestamp="21 Mar 2018 15:51:10 GMT" time="102.497" errors="0">
  <testcase name="test11" time="38.192" classname="testngstuff.SeleniumTest1"/>
  <testcase name="test1" time="64.305" classname="testngstuff.SeleniumTest1"/>
</testsuite> <!-- testngstuff.SeleniumTest1 -->
