<?xml version="1.0" encoding="UTF-8"?>
<!-- Generated by org.testng.reporters.JUnitReportReporter -->
<testsuite skipped="0" hostname="Dhanu-PC" name="testngstuff.NewTest1" tests="2" failures="0" timestamp="21 Mar 2018 02:42:51 GMT" time="0.033" errors="0">
  <testcase name="testcase5" time="0.011" classname="testngstuff.NewTest1"/>
  <testcase name="testcase4" time="0.022" classname="testngstuff.NewTest1"/>
</testsuite> <!-- testngstuff.NewTest1 -->
