<?xml version="1.0" encoding="UTF-8"?>
<!-- Generated by org.testng.reporters.JUnitReportReporter -->
<testsuite hostname="Dhanu-PC" name="testngstuff.ParameterTest" tests="2" failures="0" timestamp="1 Apr 2018 08:06:08 GMT" time="0.003" errors="0">
  <testcase name="test12" time="0.001" classname="testngstuff.ParameterTest"/>
  <testcase name="test11" time="0.002" classname="testngstuff.ParameterTest"/>
</testsuite> <!-- testngstuff.ParameterTest -->
