<?xml version="1.0" encoding="UTF-8"?>
<!-- Generated by org.testng.reporters.JUnitReportReporter -->
<testsuite skipped="0" hostname="Dhanu-PC" name="testngstuff.GroupTest" tests="3" failures="0" timestamp="10 Mar 2018 02:57:38 GMT" time="0.055" errors="0">
  <testcase name="test2" time="0.041" classname="testngstuff.GroupTest"/>
  <testcase name="test5" time="0.007" classname="testngstuff.GroupTest"/>
  <testcase name="test3" time="0.007" classname="testngstuff.GroupTest"/>
</testsuite> <!-- testngstuff.GroupTest -->
