<?xml version="1.0" encoding="UTF-8"?>
<!-- Generated by org.testng.reporters.JUnitReportReporter -->
<testsuite skipped="0" hostname="Dhanu-PC" name="testngstuff.PriorityStuff" tests="3" failures="0" timestamp="21 Mar 2018 16:04:14 GMT" time="0.039" errors="0">
  <testcase name="testcase3" time="0.032" classname="testngstuff.PriorityStuff"/>
  <testcase name="testcase1" time="0.004" classname="testngstuff.PriorityStuff"/>
  <testcase name="testcase2" time="0.003" classname="testngstuff.PriorityStuff"/>
</testsuite> <!-- testngstuff.PriorityStuff -->
